#
# There is insufficient memory for the Java Runtime Environment to continue.
# Native memory allocation (mmap) failed to map 264241152 bytes. Error detail: G1 virtual space
# Possible reasons:
#   The system is out of physical RAM or swap space
#   This process is running with CompressedOops enabled, and the Java Heap may be blocking the growth of the native heap
# Possible solutions:
#   Reduce memory load on the system
#   Increase physical memory or swap space
#   Check if swap backing store is full
#   Decrease Java heap size (-Xmx/-Xms)
#   Decrease number of Java threads
#   Decrease Java thread stack sizes (-Xss)
#   Set larger code cache with -XX:ReservedCodeCacheSize=
#   JVM is running with Zero Based Compressed Oops mode in which the Java heap is
#     placed in the first 32GB address space. The Java Heap base address is the
#     maximum limit for the native heap growth. Please use -XX:HeapBaseMinAddress
#     to set the Java Heap base and to place the Java Heap above 32GB virtual address.
# This output file may be truncated or incomplete.
#
#  Out of Memory Error (os_windows.cpp:3828), pid=29632, tid=14880
#
# JRE version:  (21.0.4+13) (build )
# Java VM: OpenJDK 64-Bit Server VM (21.0.4+13-b509.17, mixed mode, sharing, tiered, compressed oops, compressed class ptrs, g1 gc, windows-amd64)
# No core dump will be written. Minidumps are not enabled by default on client versions of Windows
#

---------------  S U M M A R Y ------------

Command Line: git4idea.http.GitAskPassApp Username for 'https://gitlab.qblackbit.com': 

Host: 11th Gen Intel(R) Core(TM) i7-11370H @ 3.30GHz, 8 cores, 15G,  Windows 11 , 64 bit Build 22621 (10.0.22621.4391)
Time: Mon Jan 20 00:11:14 2025 Iran Standard Time elapsed time: 0.020812 seconds (0d 0h 0m 0s)

---------------  T H R E A D  ---------------

Current thread (0x000001c7991f3ea0):  JavaThread "Unknown thread" [_thread_in_vm, id=14880, stack(0x0000006451600000,0x0000006451700000) (1024K)]

Stack: [0x0000006451600000,0x0000006451700000]
Native frames: (J=compiled Java code, j=interpreted, Vv=VM code, C=native code)
V  [jvm.dll+0x6e36d9]
V  [jvm.dll+0x8c0bd3]
V  [jvm.dll+0x8c312e]
V  [jvm.dll+0x8c3813]
V  [jvm.dll+0x288256]
V  [jvm.dll+0x6dfe65]
V  [jvm.dll+0x6d433a]
V  [jvm.dll+0x36209b]
V  [jvm.dll+0x369c46]
V  [jvm.dll+0x3bbd76]
V  [jvm.dll+0x3bc048]
V  [jvm.dll+0x33485c]
V  [jvm.dll+0x33554b]
V  [jvm.dll+0x888039]
V  [jvm.dll+0x3c8ea8]
V  [jvm.dll+0x8711d8]
V  [jvm.dll+0x45d85e]
V  [jvm.dll+0x45f541]
C  [jli.dll+0x52ab]
C  [ucrtbase.dll+0x29333]
C  [KERNEL32.DLL+0x1259d]
C  [ntdll.dll+0x5af38]


---------------  P R O C E S S  ---------------

Threads class SMR info:
_java_thread_list=0x00007ff86f562108, length=0, elements={
}

Java Threads: ( => current thread )
Total: 0

Other Threads:
  0x000001c79b5746a0 WorkerThread "GC Thread#0"                     [id=5176, stack(0x0000006451700000,0x0000006451800000) (1024K)]
  0x000001c79b5859d0 ConcurrentGCThread "G1 Main Marker"            [id=1300, stack(0x0000006451800000,0x0000006451900000) (1024K)]
  0x000001c79b586680 WorkerThread "G1 Conc#0"                       [id=10892, stack(0x0000006451900000,0x0000006451a00000) (1024K)]

[error occurred during error reporting (printing all threads), id 0xc0000005, EXCEPTION_ACCESS_VIOLATION (0xc0000005) at pc=0x00007ff86ec57917]
VM state: not at safepoint (not fully initialized)

VM Mutex/Monitor currently owned by a thread:  ([mutex/lock_event])
[0x00007ff86f5d6a48] Heap_lock - owner thread: 0x000001c7991f3ea0

Heap address: 0x0000000704c00000, size: 4020 MB, Compressed Oops mode: Zero based, Oop shift amount: 3

CDS archive(s) mapped at: [0x0000000000000000-0x0000000000000000-0x0000000000000000), size 0, SharedBaseAddress: 0x0000000800000000, ArchiveRelocationMode: 1.
Narrow klass base: 0x0000000000000000, Narrow klass shift: 0, Narrow klass range: 0x0

GC Precious Log:
 CardTable entry size: 512
 Card Set container configuration: InlinePtr #cards 4 size 8 Array Of Cards #cards 16 size 48 Howl #buckets 8 coarsen threshold 3686 Howl Bitmap #cards 512 size 80 coarsen threshold 460 Card regions per heap region 1 cards per card region 4096

Heap:
 garbage-first heap   total 0K, used 0K [0x0000000704c00000, 0x0000000800000000)
  region size 2048K, 0 young (0K), 0 survivors (0K)
 Metaspace       used 0K, committed 0K, reserved 0K
  class space    used 0K, committed 0K, reserved 0K

Heap Regions: E=young(eden), S=young(survivor), O=old, HS=humongous(starts), HC=humongous(continues), CS=collection set, F=free, TAMS=top-at-mark-start, PB=parsable bottom

Card table byte_map: [0x000001c7aef30000,0x000001c7af710000] _byte_map_base: 0x000001c7ab70a000

Marking Bits: (CMBitMap*) 0x000001c79b574da0
 Bits: [0x000001c7af710000, 0x000001c7b35e0000)

GC Heap History (0 events):
No events

Dll operation events (1 events):
Event: 0.015 Loaded shared library C:\Program Files\JetBrains\WebStorm 2024.2.3\jbr\bin\java.dll

Deoptimization events (0 events):
No events

Classes loaded (0 events):
No events

Classes unloaded (0 events):
No events

Classes redefined (0 events):
No events

Internal exceptions (0 events):
No events

ZGC Phase Switch (0 events):
No events

VM Operations (0 events):
No events

Memory protections (0 events):
No events

Nmethod flushes (0 events):
No events

Events (0 events):
No events


Dynamic libraries:
0x00007ff7f9840000 - 0x00007ff7f984a000 	C:\Program Files\JetBrains\WebStorm 2024.2.3\jbr\bin\java.exe
0x00007ff9515f0000 - 0x00007ff951807000 	C:\WINDOWS\SYSTEM32\ntdll.dll
0x00007ff94feb0000 - 0x00007ff94ff74000 	C:\WINDOWS\System32\KERNEL32.DLL
0x00007ff94eef0000 - 0x00007ff94f2aa000 	C:\WINDOWS\System32\KERNELBASE.dll
0x00007ff94ecb0000 - 0x00007ff94edc1000 	C:\WINDOWS\System32\ucrtbase.dll
0x00007ff93f860000 - 0x00007ff93f87b000 	C:\Program Files\JetBrains\WebStorm 2024.2.3\jbr\bin\VCRUNTIME140.dll
0x00007ff929d80000 - 0x00007ff929d98000 	C:\Program Files\JetBrains\WebStorm 2024.2.3\jbr\bin\jli.dll
0x00007ff94f8a0000 - 0x00007ff94fa4e000 	C:\WINDOWS\System32\USER32.dll
0x00007ff94eb40000 - 0x00007ff94eb66000 	C:\WINDOWS\System32\win32u.dll
0x00007ff938560000 - 0x00007ff9387f2000 	C:\WINDOWS\WinSxS\amd64_microsoft.windows.common-controls_6595b64144ccf1df_6.0.22621.4541_none_2710d1c57384c085\COMCTL32.dll
0x00007ff94f360000 - 0x00007ff94f389000 	C:\WINDOWS\System32\GDI32.dll
0x00007ff94fff0000 - 0x00007ff950097000 	C:\WINDOWS\System32\msvcrt.dll
0x00007ff94ea20000 - 0x00007ff94eb3b000 	C:\WINDOWS\System32\gdi32full.dll
0x00007ff94edd0000 - 0x00007ff94ee6a000 	C:\WINDOWS\System32\msvcp_win.dll
0x00007ff94ffa0000 - 0x00007ff94ffd1000 	C:\WINDOWS\System32\IMM32.DLL
0x00007ff93fb00000 - 0x00007ff93fb0c000 	C:\Program Files\JetBrains\WebStorm 2024.2.3\jbr\bin\vcruntime140_1.dll
0x00007ff912e10000 - 0x00007ff912e9d000 	C:\Program Files\JetBrains\WebStorm 2024.2.3\jbr\bin\msvcp140.dll
0x00007ff86e910000 - 0x00007ff86f6c7000 	C:\Program Files\JetBrains\WebStorm 2024.2.3\jbr\bin\server\jvm.dll
0x00007ff94f5e0000 - 0x00007ff94f692000 	C:\WINDOWS\System32\ADVAPI32.dll
0x00007ff94f6a0000 - 0x00007ff94f747000 	C:\WINDOWS\System32\sechost.dll
0x00007ff94f2b0000 - 0x00007ff94f2d8000 	C:\WINDOWS\System32\bcrypt.dll
0x00007ff94fd90000 - 0x00007ff94fea4000 	C:\WINDOWS\System32\RPCRT4.dll
0x00007ff94f2e0000 - 0x00007ff94f351000 	C:\WINDOWS\System32\WS2_32.dll
0x00007ff94d700000 - 0x00007ff94d74d000 	C:\WINDOWS\SYSTEM32\POWRPROF.dll
0x00007ff943a90000 - 0x00007ff943ac4000 	C:\WINDOWS\SYSTEM32\WINMM.dll
0x00007ff947c60000 - 0x00007ff947c6a000 	C:\WINDOWS\SYSTEM32\VERSION.dll
0x00007ff94d6e0000 - 0x00007ff94d6f3000 	C:\WINDOWS\SYSTEM32\UMPDC.dll
0x00007ff94d9a0000 - 0x00007ff94d9b8000 	C:\WINDOWS\SYSTEM32\kernel.appcore.dll
0x00007ff93faf0000 - 0x00007ff93fafa000 	C:\Program Files\JetBrains\WebStorm 2024.2.3\jbr\bin\jimage.dll
0x00007ff94c1c0000 - 0x00007ff94c3f2000 	C:\WINDOWS\SYSTEM32\DBGHELP.DLL
0x00007ff951110000 - 0x00007ff9514a1000 	C:\WINDOWS\System32\combase.dll
0x00007ff94f4f0000 - 0x00007ff94f5c7000 	C:\WINDOWS\System32\OLEAUT32.dll
0x00007ff944470000 - 0x00007ff9444a2000 	C:\WINDOWS\SYSTEM32\dbgcore.DLL
0x00007ff94ee70000 - 0x00007ff94eeeb000 	C:\WINDOWS\System32\bcryptPrimitives.dll
0x00007ff939780000 - 0x00007ff93979f000 	C:\Program Files\JetBrains\WebStorm 2024.2.3\jbr\bin\java.dll

dbghelp: loaded successfully - version: 4.0.5 - missing functions: none
symbol engine: initialized successfully - sym options: 0x614 - pdb path: .;C:\Program Files\JetBrains\WebStorm 2024.2.3\jbr\bin;C:\WINDOWS\SYSTEM32;C:\WINDOWS\WinSxS\amd64_microsoft.windows.common-controls_6595b64144ccf1df_6.0.22621.4541_none_2710d1c57384c085;C:\Program Files\JetBrains\WebStorm 2024.2.3\jbr\bin\server

VM Arguments:
java_command: git4idea.http.GitAskPassApp Username for 'https://gitlab.qblackbit.com': 
java_class_path (initial): C:/Program Files/JetBrains/WebStorm 2024.2.3/plugins/vcs-git/lib/git4idea-rt.jar;C:/Program Files/JetBrains/WebStorm 2024.2.3/lib/externalProcess-rt.jar
Launcher Type: SUN_STANDARD

[Global flags]
     intx CICompilerCount                          = 4                                         {product} {ergonomic}
     uint ConcGCThreads                            = 2                                         {product} {ergonomic}
     uint G1ConcRefinementThreads                  = 8                                         {product} {ergonomic}
   size_t G1HeapRegionSize                         = 2097152                                   {product} {ergonomic}
    uintx GCDrainStackTargetSize                   = 64                                        {product} {ergonomic}
   size_t InitialHeapSize                          = 264241152                                 {product} {ergonomic}
   size_t MarkStackSize                            = 4194304                                   {product} {ergonomic}
   size_t MaxHeapSize                              = 4215275520                                {product} {ergonomic}
   size_t MinHeapDeltaBytes                        = 2097152                                   {product} {ergonomic}
   size_t MinHeapSize                              = 8388608                                   {product} {ergonomic}
    uintx NonNMethodCodeHeapSize                   = 5839372                                {pd product} {ergonomic}
    uintx NonProfiledCodeHeapSize                  = 122909434                              {pd product} {ergonomic}
    uintx ProfiledCodeHeapSize                     = 122909434                              {pd product} {ergonomic}
    uintx ReservedCodeCacheSize                    = 251658240                              {pd product} {ergonomic}
     bool SegmentedCodeCache                       = true                                      {product} {ergonomic}
   size_t SoftMaxHeapSize                          = 4215275520                             {manageable} {ergonomic}
     bool UseCompressedOops                        = true                           {product lp64_product} {ergonomic}
     bool UseG1GC                                  = true                                      {product} {ergonomic}
     bool UseLargePagesIndividualAllocation        = false                                  {pd product} {ergonomic}

Logging:
Log output configuration:
 #0: stdout all=warning uptime,level,tags foldmultilines=false
 #1: stderr all=off uptime,level,tags foldmultilines=false

Environment Variables:
PATH=C:\Program Files\Git\mingw64\libexec\git-core;C:\Program Files\Git\mingw64\libexec\git-core;C:\Program Files\Git\mingw64\bin;C:\Program Files\Git\usr\bin;C:\Users\Asus\bin;C:\Python312\Scripts;C:\Python312;C:\Program Files\Common Files\Oracle\Java\javapath;C:\Python27;C:\Python27\Scripts;C:\Windows\system32;C:\Windows;C:\Windows\System32\Wbem;C:\Windows\System32\WindowsPowerShell\v1.0;C:\Windows\System32\OpenSSH;C:\Program Files (x86)\NVIDIA Corporation\PhysX\Common;C:\Program Files\Git\cmd;C:\Users\Asus\AppData\Roaming\nvm;C:\Program Files\nodejs;C:\Users\Asus\AppData\Local\Programs\Python\Python310;C:\WINDOWS\system32;C:\WINDOWS;C:\WINDOWS\System32\Wbem;C:\WINDOWS\System32\WindowsPowerShell\v1.0;C:\WINDOWS\System32\OpenSSH;C:\ProgramData\chocolatey\bin;F:\flutter_windows_3.7.6-stable_5\flutter\bin;F:\AndroidSDK\cmdline-tools\bin;C:\Program Files\starship\bin;C:\Program Files\Microsoft VS Code\bin;C:\Program Files\nodejs;C:\Program Files\dotnet;C:\Python27;C:\Python27\Scripts;C:\Users\Asus\AppData\Local\Microsoft\WindowsApps;C:\Users\Asus\AppData\Roaming\nvm;C:\Program Files\nodejs;C:\Program Files\JetBrains\WebStorm 2023.2.2\bin;C:\Users\Asus\AppData\Roaming\npm;C:\Program Files (x86)\BrowserStackLocal
USERNAME=Asus
DISPLAY=:0.0
LC_ALL=en_US.UTF-8
TERM=cygwin
TMPDIR=C:\Users\Asus\AppData\Local\Temp
OS=Windows_NT
PROCESSOR_IDENTIFIER=Intel64 Family 6 Model 140 Stepping 1, GenuineIntel
TMP=C:\Users\Asus\AppData\Local\Temp
TEMP=C:\Users\Asus\AppData\Local\Temp




Periodic native trim disabled

JNI global refs:
JNI global refs: 0, weak refs: 0

JNI global refs memory usage: 0, weak refs: 0

Process memory usage:
Resident Set Size: 11844K (0% of 16461136K total physical memory with 480512K free physical memory)

OOME stack traces (most recent first):
Classloader memory used:

---------------  S Y S T E M  ---------------

OS:
 Windows 11 , 64 bit Build 22621 (10.0.22621.4391)
OS uptime: 3 days 19:25 hours
Hyper-V role detected

CPU: total 8 (initial active 8) (4 cores per cpu, 2 threads per core) family 6 model 140 stepping 1 microcode 0x86, cx8, cmov, fxsr, ht, mmx, 3dnowpref, sse, sse2, sse3, ssse3, sse4.1, sse4.2, popcnt, lzcnt, tsc, tscinvbit, avx, avx2, aes, erms, clmul, bmi1, bmi2, adx, avx512f, avx512dq, avx512cd, avx512bw, avx512vl, sha, fma, vzeroupper, avx512_vpopcntdq, avx512_vpclmulqdq, avx512_vaes, avx512_vnni, clflush, clflushopt, clwb, avx512_vbmi2, avx512_vbmi, hv, rdtscp, rdpid, fsrm, gfni, avx512_bitalg, f16c, cet_ibt, cet_ss, avx512_ifma
Processor Information for all 8 processors :
  Max Mhz: 3302, Current Mhz: 3302, Mhz Limit: 3302

Memory: 4k page, system-wide physical 16075M (469M free)
TotalPageFile size 39487M (AvailPageFile size 219M)
current process WorkingSet (physical memory assigned to process): 11M, peak: 11M
current process commit charge ("private bytes"): 60M, peak: 312M

vm_info: OpenJDK 64-Bit Server VM (21.0.4+13-b509.17) for windows-amd64 JRE (21.0.4+13-b509.17), built on 2024-09-04 by "builduser" with MS VC++ 16.10 / 16.11 (VS2019)

END.
